#-----------------------------------------------------------
# Vivado v2020.2 (64-bit)
# SW Build 3064766 on Wed Nov 18 09:12:45 MST 2020
# IP Build 3064653 on Wed Nov 18 14:17:31 MST 2020
# Start of session at: Wed Mar  3 13:42:02 2021
# Process ID: 15308
# Current directory: C:/Users/marek/Desktop/skola/4semester/DE1/Digital-electronics-1/Labs/03-vivado/mux_2bit_4to1
# Command line: vivado.exe -gui_launcher_event rodinguilauncherevent26148 C:\Users\marek\Desktop\skola\4semester\DE1\Digital-electronics-1\Labs\03-vivado\mux_2bit_4to1\mux_2bit_4to1.xpr
# Log file: C:/Users/marek/Desktop/skola/4semester/DE1/Digital-electronics-1/Labs/03-vivado/mux_2bit_4to1/vivado.log
# Journal file: C:/Users/marek/Desktop/skola/4semester/DE1/Digital-electronics-1/Labs/03-vivado/mux_2bit_4to1\vivado.jou
#-----------------------------------------------------------
start_gui
open_project C:/Users/marek/Desktop/skola/4semester/DE1/Digital-electronics-1/Labs/03-vivado/mux_2bit_4to1/mux_2bit_4to1.xpr
INFO: [ProjectBase 1-489] The host OS only allows 260 characters in a normal path. The project is stored in a path with more than 80 characters. If you experience issues with IP, Block Designs, or files not being found, please consider moving the project to a location with a shorter path. Alternately consider using the OS subst command to map part of the path to a drive letter.
Current project path is 'C:/Users/marek/Desktop/skola/4semester/DE1/Digital-electronics-1/Labs/03-vivado/mux_2bit_4to1'
INFO: [Project 1-313] Project file moved from 'C:/Users/marek/Desktop/kola/4. semester/DE1/Digital-electronics-1/Labs/03-vivado/mux_2bit_4to1' since last save.
WARNING: [filemgmt 56-2] Default IP Output Path : Could not find the directory 'C:/Users/marek/Desktop/skola/4semester/DE1/Digital-electronics-1/Labs/03-vivado/mux_2bit_4to1/mux_2bit_4to1.gen/sources_1', nor could it be found using path 'C:/Users/marek/Desktop/kola/4. semester/DE1/Digital-electronics-1/Labs/03-vivado/mux_2bit_4to1/mux_2bit_4to1.gen/sources_1'.
Scanning sources...
Finished scanning sources
INFO: [IP_Flow 19-234] Refreshing IP repositories
INFO: [IP_Flow 19-1704] No user IP repositories specified
INFO: [IP_Flow 19-2313] Loaded Vivado IP repository 'C:/Xilinx/Vivado/2020.2/data/ip'.
open_project: Time (s): cpu = 00:00:15 ; elapsed = 00:00:06 . Memory (MB): peak = 1019.070 ; gain = 0.000
update_compile_order -fileset sources_1
exit
INFO: [Common 17-206] Exiting Vivado at Fri Mar  5 20:33:08 2021...
